  GameLoop.cpp
C:\Users\pg29cris\FinalT2Assignmentcpp\PetSimulator\PetSimulator\InputAction.h(37,19): warning C4553: '==': result of expression not used; did you intend '='?
  (compiling source file 'GameLoop.cpp')
  
C:\Users\pg29cris\FinalT2Assignmentcpp\PetSimulator\PetSimulator\GameLoop.cpp(77,13): error C2440: 'initializing': cannot convert from 'InputType' to 'int'
      C:\Users\pg29cris\FinalT2Assignmentcpp\PetSimulator\PetSimulator\GameLoop.cpp(77,13):
      This conversion requires an explicit cast (static_cast, C-style cast or parenthesized function-style cast)
  
C:\Users\pg29cris\FinalT2Assignmentcpp\PetSimulator\PetSimulator\GameLoop.cpp(94,22): error C2440: 'initializing': cannot convert from 'InputType' to 'int'
      C:\Users\pg29cris\FinalT2Assignmentcpp\PetSimulator\PetSimulator\GameLoop.cpp(94,22):
      This conversion requires an explicit cast (static_cast, C-style cast or parenthesized function-style cast)
  
  Pet.cpp
C:\Users\pg29cris\FinalT2Assignmentcpp\PetSimulator\PetSimulator\InputAction.h(37,19): warning C4553: '==': result of expression not used; did you intend '='?
  (compiling source file 'Pet.cpp')
  
C:\Users\pg29cris\FinalT2Assignmentcpp\PetSimulator\PetSimulator\RandomChance.h(5,14): warning C4091: 'static ': ignored on left of 'RandomChance' when no variable is declared
  (compiling source file 'Pet.cpp')
  
  PetDialogue.cpp
  PetFactory.cpp
  Race.cpp
C:\Program Files\Microsoft Visual Studio\2022\Community\VC\Tools\MSVC\14.44.35207\include\memory(3309,9): error C2248: 'Pet::~Pet': cannot access private member declared in class 'Pet'
  (compiling source file 'PetFactory.cpp')
      C:\Users\pg29cris\FinalT2Assignmentcpp\PetSimulator\PetSimulator\Pet.h(87,1):
      compiler has generated 'Pet::~Pet' here
      C:\Users\pg29cris\FinalT2Assignmentcpp\PetSimulator\PetSimulator\Pet.h(8,7):
      see declaration of 'Pet'
      C:\Program Files\Microsoft Visual Studio\2022\Community\VC\Tools\MSVC\14.44.35207\include\memory(3309,9):
      the template instantiation context (the oldest one first) is
          C:\Users\pg29cris\FinalT2Assignmentcpp\PetSimulator\PetSimulator\PetFactory.cpp(27,34):
          see reference to class template instantiation 'std::unique_ptr<Pet,std::default_delete<Pet>>' being compiled
          C:\Program Files\Microsoft Visual Studio\2022\Community\VC\Tools\MSVC\14.44.35207\include\memory(3352,92):
          see reference to class template instantiation 'std::default_delete<Pet>' being compiled
          C:\Program Files\Microsoft Visual Studio\2022\Community\VC\Tools\MSVC\14.44.35207\include\memory(3307,23):
          while compiling class template member function 'void std::default_delete<Pet>::operator ()(_Ty *) noexcept const'
          with
          [
              _Ty=Pet
          ]
              C:\Program Files\Microsoft Visual Studio\2022\Community\VC\Tools\MSVC\14.44.35207\include\memory(3427,33):
              see the first reference to 'std::default_delete<Pet>::operator ()' in 'std::unique_ptr<Pet,std::default_delete<Pet>>::~unique_ptr'
              C:\Users\pg29cris\FinalT2Assignmentcpp\PetSimulator\PetSimulator\PetFactory.cpp(29,2):
              see the first reference to 'std::unique_ptr<Pet,std::default_delete<Pet>>::~unique_ptr' in 'PetFactory::CreatePet'
  
C:\Users\pg29cris\FinalT2Assignmentcpp\PetSimulator\PetSimulator\Race.cpp(36,60): error C2397: conversion from 'int' to 'float' requires a narrowing conversion
C:\Users\pg29cris\FinalT2Assignmentcpp\PetSimulator\PetSimulator\Race.cpp(36,60): warning C4244: 'initializing': conversion from 'int' to 'float', possible loss of data
C:\Users\pg29cris\FinalT2Assignmentcpp\PetSimulator\PetSimulator\Race.cpp(41,59): error C2397: conversion from 'int' to 'float' requires a narrowing conversion
C:\Users\pg29cris\FinalT2Assignmentcpp\PetSimulator\PetSimulator\Race.cpp(41,59): warning C4244: 'initializing': conversion from 'int' to 'float', possible loss of data
C:\Users\pg29cris\FinalT2Assignmentcpp\PetSimulator\PetSimulator\Race.cpp(119,12): warning C4244: 'return': conversion from 'float' to 'int', possible loss of data
  Source.cpp
C:\Users\pg29cris\FinalT2Assignmentcpp\PetSimulator\PetSimulator\InputAction.h(37,19): warning C4553: '==': result of expression not used; did you intend '='?
  (compiling source file 'Source.cpp')
  
C:\Program Files\Microsoft Visual Studio\2022\Community\VC\Tools\MSVC\14.44.35207\include\memory(3308,27): error C2027: use of undefined type 'Race'
  (compiling source file 'Source.cpp')
      C:\Users\pg29cris\FinalT2Assignmentcpp\PetSimulator\PetSimulator\GameLoop.h(10,7):
      see declaration of 'Race'
      C:\Program Files\Microsoft Visual Studio\2022\Community\VC\Tools\MSVC\14.44.35207\include\memory(3308,27):
      the template instantiation context (the oldest one first) is
          C:\Users\pg29cris\FinalT2Assignmentcpp\PetSimulator\PetSimulator\GameLoop.h(27,24):
          see reference to class template instantiation 'std::unique_ptr<Race,std::default_delete<Race>>' being compiled
          C:\Program Files\Microsoft Visual Studio\2022\Community\VC\Tools\MSVC\14.44.35207\include\memory(3352,92):
          see reference to class template instantiation 'std::default_delete<Race>' being compiled
          C:\Program Files\Microsoft Visual Studio\2022\Community\VC\Tools\MSVC\14.44.35207\include\memory(3307,23):
          while compiling class template member function 'void std::default_delete<Race>::operator ()(_Ty *) noexcept const'
          with
          [
              _Ty=Race
          ]
              C:\Program Files\Microsoft Visual Studio\2022\Community\VC\Tools\MSVC\14.44.35207\include\memory(3427,33):
              see the first reference to 'std::default_delete<Race>::operator ()' in 'std::unique_ptr<Race,std::default_delete<Race>>::~unique_ptr'
              C:\Users\pg29cris\FinalT2Assignmentcpp\PetSimulator\PetSimulator\GameLoop.h(33,1):
              see the first reference to 'std::unique_ptr<Race,std::default_delete<Race>>::~unique_ptr' in 'GameLoop::~GameLoop'
  
C:\Program Files\Microsoft Visual Studio\2022\Community\VC\Tools\MSVC\14.44.35207\include\memory(3308,25): error C2338: static_assert failed: 'can't delete an incomplete type'
  (compiling source file 'Source.cpp')
  
C:\Program Files\Microsoft Visual Studio\2022\Community\VC\Tools\MSVC\14.44.35207\include\memory(3309,9): warning C4150: deletion of pointer to incomplete type 'Race'; no destructor called
  (compiling source file 'Source.cpp')
      C:\Users\pg29cris\FinalT2Assignmentcpp\PetSimulator\PetSimulator\GameLoop.h(10,7):
      see declaration of 'Race'
  
  UIManager.cpp
C:\Program Files\Microsoft Visual Studio\2022\Community\VC\Tools\MSVC\14.44.35207\include\format(42): warning STL4038: The contents of <format> are available only with C++20 or later.
C:\Users\pg29cris\FinalT2Assignmentcpp\PetSimulator\PetSimulator\InputAction.h(37,19): warning C4553: '==': result of expression not used; did you intend '='?
  (compiling source file 'UIManager.cpp')
  
C:\Program Files\Microsoft Visual Studio\2022\Community\VC\Tools\MSVC\14.44.35207\include\xutility(476,61): error C2248: 'UIManager::UIManager': cannot access private member declared in class 'UIManager'
  (compiling source file 'UIManager.cpp')
      C:\Users\pg29cris\FinalT2Assignmentcpp\PetSimulator\PetSimulator\UIManager.h(33,2):
      see declaration of 'UIManager::UIManager'
      C:\Users\pg29cris\FinalT2Assignmentcpp\PetSimulator\PetSimulator\UIManager.h(8,7):
      see declaration of 'UIManager'
      C:\Program Files\Microsoft Visual Studio\2022\Community\VC\Tools\MSVC\14.44.35207\include\xutility(476,61):
      the template instantiation context (the oldest one first) is
          C:\Users\pg29cris\FinalT2Assignmentcpp\PetSimulator\PetSimulator\UIManager.cpp(16,19):
          see reference to function template instantiation 'std::shared_ptr<UIManager> std::make_shared<UIManager,>(void)' being compiled
          C:\Program Files\Microsoft Visual Studio\2022\Community\VC\Tools\MSVC\14.44.35207\include\memory(2913,46):
          see reference to function template instantiation 'std::_Ref_count_obj2<UIManager>::_Ref_count_obj2<>(void)' being compiled
          C:\Program Files\Microsoft Visual Studio\2022\Community\VC\Tools\MSVC\14.44.35207\include\memory(2100,18):
          see reference to function template instantiation 'void std::_Construct_in_place<_Ty,>(_Ty &) noexcept(false)' being compiled
          with
          [
              _Ty=UIManager
          ]
  
  Generating Code...
